SkinSprite-Android/app/build/intermediates/manifest_merge_blame_file/debug/processDebugMainManifest/manifest-merger-blame-debug-report.txt
1<?xml version="1.0" encoding="utf-8"?>
2<manifest xmlns:android="http://schemas.android.com/apk/res/android"
3    package="com.example.project_techmind_android"
4    android:versionCode="1"
5    android:versionName="1.0" >
6
7    <uses-sdk
8        android:minSdkVersion="24"
9        android:targetSdkVersion="34" />
10    <!-- Camera Permission -->
11    <uses-feature
11-->src\main\AndroidManifest.xml:5:5-7:36
12        android:name="android.hardware.camera"
12-->src\main\AndroidManifest.xml:6:9-47
13        android:required="false" />
13-->src\main\AndroidManifest.xml:7:9-33
14
15    <uses-permission android:name="android.permission.INTERNET" />
15-->src\main\AndroidManifest.xml:9:5-67
15-->src\main\AndroidManifest.xml:9:22-64
16    <uses-permission android:name="android.permission.CAMERA" />
16-->src\main\AndroidManifest.xml:10:5-65
16-->src\main\AndroidManifest.xml:10:22-62
17    <uses-permission
17-->src\main\AndroidManifest.xml:11:5-13:38
18        android:name="android.permission.WRITE_EXTERNAL_STORAGE"
18-->src\main\AndroidManifest.xml:12:9-65
19        android:maxSdkVersion="32" />
19-->src\main\AndroidManifest.xml:13:9-35
20    <uses-permission
20-->src\main\AndroidManifest.xml:14:5-16:38
21        android:name="android.permission.READ_EXTERNAL_STORAGE"
21-->src\main\AndroidManifest.xml:15:9-64
22        android:maxSdkVersion="32" />
22-->src\main\AndroidManifest.xml:16:9-35
23
24    <permission
24-->[androidx.core:core:1.9.0] AndroidManifest.xml:22:5-24:47
25        android:name="com.example.project_techmind_android.DYNAMIC_RECEIVER_NOT_EXPORTED_PERMISSION"
25-->[androidx.core:core:1.9.0] AndroidManifest.xml:23:9-81
26        android:protectionLevel="signature" />
26-->[androidx.core:core:1.9.0] AndroidManifest.xml:24:9-44
27
28    <uses-permission android:name="com.example.project_techmind_android.DYNAMIC_RECEIVER_NOT_EXPORTED_PERMISSION" />
28-->[androidx.core:core:1.9.0] AndroidManifest.xml:26:5-97
28-->[androidx.core:core:1.9.0] AndroidManifest.xml:26:22-94
29
30    <application
30-->src\main\AndroidManifest.xml:18:5-81:19
31        android:allowBackup="true"
31-->src\main\AndroidManifest.xml:19:9-35
32        android:appComponentFactory="androidx.core.app.CoreComponentFactory"
32-->[androidx.core:core:1.9.0] AndroidManifest.xml:28:18-86
33        android:dataExtractionRules="@xml/data_extraction_rules"
33-->src\main\AndroidManifest.xml:20:9-65
34        android:debuggable="true"
35        android:extractNativeLibs="false"
36        android:fullBackupContent="@xml/backup_rules"
36-->src\main\AndroidManifest.xml:21:9-54
37        android:icon="@mipmap/ic_launcher"
37-->src\main\AndroidManifest.xml:22:9-43
38        android:label="@string/app_name"
38-->src\main\AndroidManifest.xml:23:9-41
39        android:roundIcon="@mipmap/ic_launcher_round"
39-->src\main\AndroidManifest.xml:24:9-54
40        android:supportsRtl="true"
40-->src\main\AndroidManifest.xml:25:9-35
41        android:testOnly="true"
42        android:theme="@style/Theme.Project_techmind_android" >
42-->src\main\AndroidManifest.xml:26:9-62
43        <activity
43-->src\main\AndroidManifest.xml:28:9-30:40
44            android:name="com.example.project_techmind_android.Dictionary"
44-->src\main\AndroidManifest.xml:29:13-39
45            android:exported="false" />
45-->src\main\AndroidManifest.xml:30:13-37
46        <activity
46-->src\main\AndroidManifest.xml:31:9-34:69
47            android:name="com.example.project_techmind_android.ChatbotActivity"
47-->src\main\AndroidManifest.xml:32:13-44
48            android:exported="false"
48-->src\main\AndroidManifest.xml:33:13-37
49            android:theme="@style/Theme.Project_techmind_android" />
49-->src\main\AndroidManifest.xml:34:13-66
50        <activity
50-->src\main\AndroidManifest.xml:35:9-37:40
51            android:name="com.example.project_techmind_android.WebActivityView"
51-->src\main\AndroidManifest.xml:36:13-44
52            android:exported="false" />
52-->src\main\AndroidManifest.xml:37:13-37
53        <activity
53-->src\main\AndroidManifest.xml:38:9-40:40
54            android:name="com.example.project_techmind_android.PastPrescriptionsActivity"
54-->src\main\AndroidManifest.xml:39:13-54
55            android:exported="false" />
55-->src\main\AndroidManifest.xml:40:13-37
56        <activity
56-->src\main\AndroidManifest.xml:41:9-43:40
57            android:name="com.example.project_techmind_android.UserHistoryActivity"
57-->src\main\AndroidManifest.xml:42:13-48
58            android:exported="false" />
58-->src\main\AndroidManifest.xml:43:13-37
59        <activity
59-->src\main\AndroidManifest.xml:44:9-46:40
60            android:name="com.example.project_techmind_android.AlarmActivity"
60-->src\main\AndroidManifest.xml:45:13-42
61            android:exported="false" />
61-->src\main\AndroidManifest.xml:46:13-37
62        <activity
62-->src\main\AndroidManifest.xml:47:9-49:40
63            android:name="com.example.project_techmind_android.SettingsActivity"
63-->src\main\AndroidManifest.xml:48:13-45
64            android:exported="false" />
64-->src\main\AndroidManifest.xml:49:13-37
65        <activity
65-->src\main\AndroidManifest.xml:50:9-52:40
66            android:name="com.example.project_techmind_android.MedsOrderActivity"
66-->src\main\AndroidManifest.xml:51:13-46
67            android:exported="false" />
67-->src\main\AndroidManifest.xml:52:13-37
68        <activity
68-->src\main\AndroidManifest.xml:53:9-55:40
69            android:name="com.example.project_techmind_android.UploadActivity"
69-->src\main\AndroidManifest.xml:54:13-43
70            android:exported="false" />
70-->src\main\AndroidManifest.xml:55:13-37
71        <activity
71-->src\main\AndroidManifest.xml:56:9-64:20
72            android:name="com.example.project_techmind_android.SplashScreen"
72-->src\main\AndroidManifest.xml:57:13-41
73            android:exported="true" >
73-->src\main\AndroidManifest.xml:58:13-36
74            <intent-filter>
74-->src\main\AndroidManifest.xml:59:13-63:29
75                <action android:name="android.intent.action.MAIN" />
75-->src\main\AndroidManifest.xml:60:17-69
75-->src\main\AndroidManifest.xml:60:25-66
76
77                <category android:name="android.intent.category.LAUNCHER" />
77-->src\main\AndroidManifest.xml:62:17-77
77-->src\main\AndroidManifest.xml:62:27-74
78            </intent-filter>
79        </activity>
80        <activity
80-->src\main\AndroidManifest.xml:65:9-67:40
81            android:name="com.example.project_techmind_android.SignUpActivity"
81-->src\main\AndroidManifest.xml:66:13-43
82            android:exported="false" />
82-->src\main\AndroidManifest.xml:67:13-37
83        <activity
83-->src\main\AndroidManifest.xml:68:9-70:40
84            android:name="com.example.project_techmind_android.LoginActivity"
84-->src\main\AndroidManifest.xml:69:13-42
85            android:exported="false" />
85-->src\main\AndroidManifest.xml:70:13-37
86        <activity
86-->src\main\AndroidManifest.xml:71:9-73:40
87            android:name="com.example.project_techmind_android.FeaturesPageActivity"
87-->src\main\AndroidManifest.xml:72:13-49
88            android:exported="false" />
88-->src\main\AndroidManifest.xml:73:13-37
89        <activity
89-->src\main\AndroidManifest.xml:74:9-80:20
90            android:name="com.example.project_techmind_android.MainActivity"
90-->src\main\AndroidManifest.xml:75:13-41
91            android:exported="true" >
91-->src\main\AndroidManifest.xml:76:13-36
92            <intent-filter>
92-->src\main\AndroidManifest.xml:77:13-79:29
93                <action android:name="android.intent.action.MAIN" />
93-->src\main\AndroidManifest.xml:60:17-69
93-->src\main\AndroidManifest.xml:60:25-66
94            </intent-filter>
95        </activity>
96
97        <provider
97-->[androidx.emoji2:emoji2:1.2.0] AndroidManifest.xml:24:9-32:20
98            android:name="androidx.startup.InitializationProvider"
98-->[androidx.emoji2:emoji2:1.2.0] AndroidManifest.xml:25:13-67
99            android:authorities="com.example.project_techmind_android.androidx-startup"
99-->[androidx.emoji2:emoji2:1.2.0] AndroidManifest.xml:26:13-68
100            android:exported="false" >
100-->[androidx.emoji2:emoji2:1.2.0] AndroidManifest.xml:27:13-37
101            <meta-data
101-->[androidx.emoji2:emoji2:1.2.0] AndroidManifest.xml:29:13-31:52
102                android:name="androidx.emoji2.text.EmojiCompatInitializer"
102-->[androidx.emoji2:emoji2:1.2.0] AndroidManifest.xml:30:17-75
103                android:value="androidx.startup" />
103-->[androidx.emoji2:emoji2:1.2.0] AndroidManifest.xml:31:17-49
104            <meta-data
104-->[androidx.lifecycle:lifecycle-process:2.6.2] AndroidManifest.xml:29:13-31:52
105                android:name="androidx.lifecycle.ProcessLifecycleInitializer"
105-->[androidx.lifecycle:lifecycle-process:2.6.2] AndroidManifest.xml:30:17-78
106                android:value="androidx.startup" />
106-->[androidx.lifecycle:lifecycle-process:2.6.2] AndroidManifest.xml:31:17-49
107            <meta-data
107-->[androidx.profileinstaller:profileinstaller:1.3.0] AndroidManifest.xml:29:13-31:52
108                android:name="androidx.profileinstaller.ProfileInstallerInitializer"
108-->[androidx.profileinstaller:profileinstaller:1.3.0] AndroidManifest.xml:30:17-85
109                android:value="androidx.startup" />
109-->[androidx.profileinstaller:profileinstaller:1.3.0] AndroidManifest.xml:31:17-49
110        </provider>
111
112        <uses-library
112-->[androidx.window:window:1.0.0] AndroidManifest.xml:25:9-27:40
113            android:name="androidx.window.extensions"
113-->[androidx.window:window:1.0.0] AndroidManifest.xml:26:13-54
114            android:required="false" />
114-->[androidx.window:window:1.0.0] AndroidManifest.xml:27:13-37
115        <uses-library
115-->[androidx.window:window:1.0.0] AndroidManifest.xml:28:9-30:40
116            android:name="androidx.window.sidecar"
116-->[androidx.window:window:1.0.0] AndroidManifest.xml:29:13-51
117            android:required="false" />
117-->[androidx.window:window:1.0.0] AndroidManifest.xml:30:13-37
118
119        <receiver
119-->[androidx.profileinstaller:profileinstaller:1.3.0] AndroidManifest.xml:34:9-52:20
120            android:name="androidx.profileinstaller.ProfileInstallReceiver"
120-->[androidx.profileinstaller:profileinstaller:1.3.0] AndroidManifest.xml:35:13-76
121            android:directBootAware="false"
121-->[androidx.profileinstaller:profileinstaller:1.3.0] AndroidManifest.xml:36:13-44
122            android:enabled="true"
122-->[androidx.profileinstaller:profileinstaller:1.3.0] AndroidManifest.xml:37:13-35
123            android:exported="true"
123-->[androidx.profileinstaller:profileinstaller:1.3.0] AndroidManifest.xml:38:13-36
124            android:permission="android.permission.DUMP" >
124-->[androidx.profileinstaller:profileinstaller:1.3.0] AndroidManifest.xml:39:13-57
125            <intent-filter>
125-->[androidx.profileinstaller:profileinstaller:1.3.0] AndroidManifest.xml:40:13-42:29
126                <action android:name="androidx.profileinstaller.action.INSTALL_PROFILE" />
126-->[androidx.profileinstaller:profileinstaller:1.3.0] AndroidManifest.xml:41:17-91
126-->[androidx.profileinstaller:profileinstaller:1.3.0] AndroidManifest.xml:41:25-88
127            </intent-filter>
128            <intent-filter>
128-->[androidx.profileinstaller:profileinstaller:1.3.0] AndroidManifest.xml:43:13-45:29
129                <action android:name="androidx.profileinstaller.action.SKIP_FILE" />
129-->[androidx.profileinstaller:profileinstaller:1.3.0] AndroidManifest.xml:44:17-85
129-->[androidx.profileinstaller:profileinstaller:1.3.0] AndroidManifest.xml:44:25-82
130            </intent-filter>
131            <intent-filter>
131-->[androidx.profileinstaller:profileinstaller:1.3.0] AndroidManifest.xml:46:13-48:29
132                <action android:name="androidx.profileinstaller.action.SAVE_PROFILE" />
132-->[androidx.profileinstaller:profileinstaller:1.3.0] AndroidManifest.xml:47:17-88
132-->[androidx.profileinstaller:profileinstaller:1.3.0] AndroidManifest.xml:47:25-85
133            </intent-filter>
134            <intent-filter>
134-->[androidx.profileinstaller:profileinstaller:1.3.0] AndroidManifest.xml:49:13-51:29
135                <action android:name="androidx.profileinstaller.action.BENCHMARK_OPERATION" />
135-->[androidx.profileinstaller:profileinstaller:1.3.0] AndroidManifest.xml:50:17-95
135-->[androidx.profileinstaller:profileinstaller:1.3.0] AndroidManifest.xml:50:25-92
136            </intent-filter>
137        </receiver>
138    </application>
139
140</manifest>